        -:    0:Source:main.c
        -:    0:Graph:main.gcno
        -:    0:Data:main.gcda
        -:    0:Runs:0
        -:    1:#include "main.h"
        -:    2:
        -:    3:
    #####:    4:int main(int argc, char* argv[]){
        -:    5:    //reserve this section for parsing global arguments from argv
    #####:    6:    if(argc < 2) 
    #####:    7:        LOG(ERROR, "Please specify ROM");
        -:    8:
        -:    9:    //argv[1] contains the rom file name
    #####:   10:    create_emulator(argv[1]);
        -:   11:#ifdef TEST
    #####:   12:    test_cpu();
        -:   13:#else
        -:   14:    run();
        -:   15:#endif
        -:   16:
        -:   17:
    #####:   18:    return 0;
        -:   19:}
